<?xml version="1.0" encoding="UTF-8"?>
<robot generator="Robot 5.0.1 (Python 3.10.12 on darwin)" generated="20240824 14:45:15.954" rpa="false" schemaversion="3">
<suite id="s1" name="TestCreateUser" source="/Users/dino/Desktop/Git/RobotFramework/tests/TestCreateUser.robot">
<test id="s1-t1" name="Create user" line="5">
<kw name="Read Csv File" library="utils">
<var>${data}</var>
<arg>${DEFAULT_FILE_CSV_USER}</arg>
<msg timestamp="20240824 14:45:15.996" level="INFO">${data} = [{'Username': 'Admin', 'Password': '11111119', 'Email': 'admin123@gmail.com'}, {'Username': 'Username1', 'Password': '123456789', 'Email': 'user123@gmail.com'}]</msg>
<status status="PASS" starttime="20240824 14:45:15.995" endtime="20240824 14:45:15.999"/>
</kw>
<kw name="Create User" library="utils">
<arg>${data}</arg>
<msg timestamp="20240824 14:45:16.003" level="INFO">User [{'Username': 'Admin', 'Password': '11111119', 'Email': 'admin123@gmail.com'}] already exists</msg>
<msg timestamp="20240824 14:45:16.005" level="INFO">User [{'Username': 'Username1', 'Password': '123456789', 'Email': 'user123@gmail.com'}] already exists</msg>
<status status="PASS" starttime="20240824 14:45:15.999" endtime="20240824 14:45:16.007"/>
</kw>
<kw name="Is User Created" library="utils">
<var>${created}</var>
<arg>${data}</arg>
<msg timestamp="20240824 14:45:16.009" level="INFO">${created} = True</msg>
<status status="PASS" starttime="20240824 14:45:16.007" endtime="20240824 14:45:16.009"/>
</kw>
<kw name="Should Be True" library="BuiltIn">
<arg>${created}</arg>
<doc>Fails if the given condition is not true.</doc>
<status status="PASS" starttime="20240824 14:45:16.011" endtime="20240824 14:45:16.011"/>
</kw>
<status status="PASS" starttime="20240824 14:45:15.993" endtime="20240824 14:45:16.011"/>
</test>
<status status="PASS" starttime="20240824 14:45:15.958" endtime="20240824 14:45:16.012"/>
</suite>
<statistics>
<total>
<stat pass="1" fail="0" skip="0">All Tests</stat>
</total>
<tag>
</tag>
<suite>
<stat pass="1" fail="0" skip="0" id="s1" name="TestCreateUser">TestCreateUser</stat>
</suite>
</statistics>
<errors>
</errors>
</robot>
